<?xml version="1.0" encoding="UTF-8"?>
<!-- Generated by org.testng.reporters.JUnitReportReporter -->
<testsuite hostname="DESKTOP-4KRAEP9" failures="0" tests="1" name="testCases.TC01MyAccountPage" time="1.424" errors="0" timestamp="2023-08-24T23:01:40 BDT" skipped="0">
  <testcase classname="testCases.TC01MyAccountPage" name="verifyRegistrationAndLogin" time="1.424"/>
  <system-out/>
</testsuite> <!-- testCases.TC01MyAccountPage -->
