<?xml version="1.0" encoding="UTF-8"?>
<!-- Generated by org.testng.reporters.JUnitReportReporter -->
<testsuite hostname="DESKTOP-4KRAEP9" failures="0" tests="1" name="updateTestCase.StoreLoginTest" time="8.684" errors="0" timestamp="2023-09-17T23:40:09 BDT" skipped="0">
  <testcase classname="updateTestCase.StoreLoginTest" name="login" time="8.684"/>
  <system-out/>
</testsuite> <!-- updateTestCase.StoreLoginTest -->
